<?xml version="1.0" encoding="UTF-8"?>
<testsuite xmlns:xsi="http://www.w3.org/2001/XMLSchema-instance" xsi:noNamespaceSchemaLocation="https://maven.apache.org/surefire/maven-surefire-plugin/xsd/surefire-test-report-3.0.xsd" version="3.0" name="org.cs3380project.application.backend.BackendExampleTest" time="0.089" tests="5" errors="0" skipped="0" failures="0">
  <properties>
[...]
</properties>
  <testcase name="addNumber(TestInfo, RepetitionInfo)[1]" classname="org.cs3380project.application.backend.BackendExampleTest" time="0.041">
    <system-out><![CDATA[BeforeAll init() method called
BeforeEach initEach() method called
Running test -> 1
]]></system-out>
  </testcase>
  <testcase name="addNumber(TestInfo, RepetitionInfo)[2]" classname="org.cs3380project.application.backend.BackendExampleTest" time="0.001">
    <system-out><![CDATA[BeforeEach initEach() method called
Running test -> 2
]]></system-out>
  </testcase>
  <testcase name="addNumber(TestInfo, RepetitionInfo)[3]" classname="org.cs3380project.application.backend.BackendExampleTest" time="0.001">
    <system-out><![CDATA[BeforeEach initEach() method called
Running test -> 3
]]></system-out>
  </testcase>
  <testcase name="addNumber(TestInfo, RepetitionInfo)[4]" classname="org.cs3380project.application.backend.BackendExampleTest" time="0.002">
    <system-out><![CDATA[BeforeEach initEach() method called
Running test -> 4
]]></system-out>
  </testcase>
  <testcase name="addNumber(TestInfo, RepetitionInfo)[5]" classname="org.cs3380project.application.backend.BackendExampleTest" time="0.001">
    <system-out><![CDATA[BeforeEach initEach() method called
Running test -> 5
]]></system-out>
  </testcase>
</testsuite>